build/app/intermediates/manifest_merge_blame_file/debug/manifest-merger-blame-debug-report.txt
1<?xml version="1.0" encoding="utf-8"?>
2<manifest xmlns:android="http://schemas.android.com/apk/res/android"
3    package="com.example.time_tracker_flutter_course"
4    android:versionCode="1"
5    android:versionName="1.0.0" >
6
7    <uses-sdk
8        android:minSdkVersion="21"
9        android:targetSdkVersion="30" />
10    <!--
11         Flutter needs it to communicate with the running application
12         to allow setting breakpoints, to provide hot reload, etc.
13    -->
14    <uses-permission android:name="android.permission.INTERNET" />
14-->src/main/AndroidManifest.xml:4:5-66
14-->src/main/AndroidManifest.xml:4:22-64
15    <uses-permission android:name="android.permission.ACCESS_NETWORK_STATE" />
15-->[com.google.firebase:firebase-auth:20.0.4] AndroidManifest.xml:24:5-79
15-->[com.google.firebase:firebase-auth:20.0.4] AndroidManifest.xml:24:22-76
16    <uses-permission android:name="android.permission.WAKE_LOCK" />
16-->[com.google.android.gms:play-services-measurement-api:18.0.3] AndroidManifest.xml:24:5-68
16-->[com.google.android.gms:play-services-measurement-api:18.0.3] AndroidManifest.xml:24:22-65
17    <uses-permission android:name="com.google.android.finsky.permission.BIND_GET_INSTALL_REFERRER_SERVICE" />
17-->[com.google.android.gms:play-services-measurement:18.0.3] AndroidManifest.xml:26:5-110
17-->[com.google.android.gms:play-services-measurement:18.0.3] AndroidManifest.xml:26:22-107
18
19    <application
19-->src/main/AndroidManifest.xml:6:5-61:19
20        android:appComponentFactory="androidx.core.app.CoreComponentFactory"
20-->[androidx.core:core:1.1.0] AndroidManifest.xml:24:18-86
21        android:debuggable="true"
22        android:icon="@mipmap/ic_launcher"
22-->src/main/AndroidManifest.xml:8:9-43
23        android:label="time_tracker_flutter_course"
23-->src/main/AndroidManifest.xml:7:9-52
24        android:supportsRtl="true" >
24-->[com.facebook.android:facebook-login:8.1.0] AndroidManifest.xml:28:18-44
25        <activity
25-->src/main/AndroidManifest.xml:9:9-37:20
26            android:name="com.example.time_tracker_flutter_course.MainActivity"
26-->src/main/AndroidManifest.xml:10:13-41
27            android:configChanges="orientation|keyboardHidden|keyboard|screenSize|smallestScreenSize|locale|layoutDirection|fontScale|screenLayout|density|uiMode"
27-->src/main/AndroidManifest.xml:13:13-163
28            android:hardwareAccelerated="true"
28-->src/main/AndroidManifest.xml:14:13-47
29            android:launchMode="singleTop"
29-->src/main/AndroidManifest.xml:11:13-43
30            android:theme="@style/LaunchTheme"
30-->src/main/AndroidManifest.xml:12:13-47
31            android:windowSoftInputMode="adjustResize" >
31-->src/main/AndroidManifest.xml:15:13-55
32
33            <!--
34                 Specifies an Android theme to apply to this Activity as soon as
35                 the Android process has started. This theme is visible to the user
36                 while the Flutter UI initializes. After that, this theme continues
37                 to determine the Window background behind the Flutter UI.
38            -->
39            <meta-data
39-->src/main/AndroidManifest.xml:20:13-23:17
40                android:name="io.flutter.embedding.android.NormalTheme"
40-->src/main/AndroidManifest.xml:21:15-70
41                android:resource="@style/NormalTheme" />
41-->src/main/AndroidManifest.xml:22:15-52
42            <!--
43                 Displays an Android View that continues showing the launch screen
44                 Drawable until Flutter paints its first frame, then this splash
45                 screen fades out. A splash screen is useful to avoid any visual
46                 gap between the end of Android's launch screen and the painting of
47                 Flutter's first frame.
48            -->
49            <meta-data
49-->src/main/AndroidManifest.xml:29:13-32:17
50                android:name="io.flutter.embedding.android.SplashScreenDrawable"
50-->src/main/AndroidManifest.xml:30:15-79
51                android:resource="@drawable/launch_background" />
51-->src/main/AndroidManifest.xml:31:15-61
52
53            <intent-filter>
53-->src/main/AndroidManifest.xml:33:13-36:29
54                <action android:name="android.intent.action.MAIN" />
54-->src/main/AndroidManifest.xml:34:17-68
54-->src/main/AndroidManifest.xml:34:25-66
55
56                <category android:name="android.intent.category.LAUNCHER" />
56-->src/main/AndroidManifest.xml:35:17-76
56-->src/main/AndroidManifest.xml:35:27-74
57            </intent-filter>
58        </activity>
59        <!--
60             Don't delete the meta-data below.
61             This is used by the Flutter tool to generate GeneratedPluginRegistrant.java
62        -->
63        <meta-data
63-->src/main/AndroidManifest.xml:40:9-41:54
64            android:name="com.facebook.sdk.ApplicationId"
64-->src/main/AndroidManifest.xml:40:20-65
65            android:value="@string/facebook_app_id" />
65-->src/main/AndroidManifest.xml:41:13-52
66
67        <activity
67-->src/main/AndroidManifest.xml:43:9-46:48
68            android:name="com.facebook.FacebookActivity"
68-->src/main/AndroidManifest.xml:43:19-63
69            android:configChanges="keyboard|keyboardHidden|screenLayout|screenSize|orientation"
69-->src/main/AndroidManifest.xml:44:13-113
70            android:label="@string/app_name"
70-->src/main/AndroidManifest.xml:46:13-45
71            android:theme="@style/com_facebook_activity_theme" />
71-->[com.facebook.android:facebook-common:8.1.0] AndroidManifest.xml:33:13-63
72        <activity
72-->src/main/AndroidManifest.xml:47:9-56:20
73            android:name="com.facebook.CustomTabActivity"
73-->src/main/AndroidManifest.xml:48:13-58
74            android:exported="true" >
74-->src/main/AndroidManifest.xml:49:13-36
75            <intent-filter>
75-->src/main/AndroidManifest.xml:50:13-55:29
76                <action android:name="android.intent.action.VIEW" />
76-->src/main/AndroidManifest.xml:51:17-69
76-->src/main/AndroidManifest.xml:51:25-66
77
78                <category android:name="android.intent.category.DEFAULT" />
78-->src/main/AndroidManifest.xml:52:17-76
78-->src/main/AndroidManifest.xml:52:27-73
79                <category android:name="android.intent.category.BROWSABLE" />
79-->src/main/AndroidManifest.xml:53:17-78
79-->src/main/AndroidManifest.xml:53:27-75
80
81                <data android:scheme="@string/fb_login_protocol_scheme" />
81-->src/main/AndroidManifest.xml:54:17-75
81-->src/main/AndroidManifest.xml:54:23-72
82            </intent-filter>
83            <intent-filter>
83-->[com.facebook.android:facebook-common:8.1.0] AndroidManifest.xml:39:13-48:29
84                <action android:name="android.intent.action.VIEW" />
84-->src/main/AndroidManifest.xml:51:17-69
84-->src/main/AndroidManifest.xml:51:25-66
85
86                <category android:name="android.intent.category.DEFAULT" />
86-->src/main/AndroidManifest.xml:52:17-76
86-->src/main/AndroidManifest.xml:52:27-73
87                <category android:name="android.intent.category.BROWSABLE" />
87-->src/main/AndroidManifest.xml:53:17-78
87-->src/main/AndroidManifest.xml:53:27-75
88
89                <data
89-->src/main/AndroidManifest.xml:54:17-75
90                    android:host="cct.com.example.time_tracker_flutter_course"
91                    android:scheme="fbconnect" />
91-->src/main/AndroidManifest.xml:54:23-72
92            </intent-filter>
93        </activity>
94
95        <meta-data
95-->src/main/AndroidManifest.xml:58:9-60:33
96            android:name="flutterEmbedding"
96-->src/main/AndroidManifest.xml:59:13-44
97            android:value="2" />
97-->src/main/AndroidManifest.xml:60:13-30
98
99        <service
99-->[:firebase_auth] AndroidManifest.xml:8:9-12:19
100            android:name="com.google.firebase.components.ComponentDiscoveryService"
100-->[:firebase_auth] AndroidManifest.xml:8:18-89
101            android:directBootAware="true"
101-->[com.google.firebase:firebase-common:19.5.0] AndroidManifest.xml:35:13-43
102            android:exported="false" >
102-->[com.google.firebase:firebase-auth:20.0.4] AndroidManifest.xml:76:13-37
103            <meta-data
103-->[:firebase_auth] AndroidManifest.xml:9:13-11:85
104                android:name="com.google.firebase.components:io.flutter.plugins.firebase.auth.FlutterFirebaseAuthRegistrar"
104-->[:firebase_auth] AndroidManifest.xml:10:17-124
105                android:value="com.google.firebase.components.ComponentRegistrar" />
105-->[:firebase_auth] AndroidManifest.xml:11:17-82
106            <meta-data
106-->[:firebase_core] AndroidManifest.xml:9:13-11:85
107                android:name="com.google.firebase.components:io.flutter.plugins.firebase.core.FlutterFirebaseCoreRegistrar"
107-->[:firebase_core] AndroidManifest.xml:10:17-124
108                android:value="com.google.firebase.components.ComponentRegistrar" />
108-->[:firebase_core] AndroidManifest.xml:11:17-82
109            <meta-data
109-->[com.google.firebase:firebase-auth:20.0.4] AndroidManifest.xml:77:13-79:85
110                android:name="com.google.firebase.components:com.google.firebase.auth.FirebaseAuthRegistrar"
110-->[com.google.firebase:firebase-auth:20.0.4] AndroidManifest.xml:78:17-109
111                android:value="com.google.firebase.components.ComponentRegistrar" />
111-->[com.google.firebase:firebase-auth:20.0.4] AndroidManifest.xml:79:17-82
112            <meta-data
112-->[com.google.android.gms:play-services-measurement-api:18.0.3] AndroidManifest.xml:30:13-32:85
113                android:name="com.google.firebase.components:com.google.firebase.analytics.connector.internal.AnalyticsConnectorRegistrar"
113-->[com.google.android.gms:play-services-measurement-api:18.0.3] AndroidManifest.xml:31:17-139
114                android:value="com.google.firebase.components.ComponentRegistrar" />
114-->[com.google.android.gms:play-services-measurement-api:18.0.3] AndroidManifest.xml:32:17-82
115            <meta-data
115-->[com.google.firebase:firebase-installations:16.3.5] AndroidManifest.xml:18:13-20:85
116                android:name="com.google.firebase.components:com.google.firebase.installations.FirebaseInstallationsRegistrar"
116-->[com.google.firebase:firebase-installations:16.3.5] AndroidManifest.xml:19:17-127
117                android:value="com.google.firebase.components.ComponentRegistrar" />
117-->[com.google.firebase:firebase-installations:16.3.5] AndroidManifest.xml:20:17-82
118            <!--
119                This registrar is not defined in the dynamic-module-support sdk itself to allow non-firebase
120                clients to use it as well, by defining this registrar in their own core/common library.
121            -->
122            <meta-data
122-->[com.google.firebase:firebase-common:19.5.0] AndroidManifest.xml:43:13-45:85
123                android:name="com.google.firebase.components:com.google.firebase.dynamicloading.DynamicLoadingRegistrar"
123-->[com.google.firebase:firebase-common:19.5.0] AndroidManifest.xml:44:17-121
124                android:value="com.google.firebase.components.ComponentRegistrar" />
124-->[com.google.firebase:firebase-common:19.5.0] AndroidManifest.xml:45:17-82
125        </service>
126
127        <activity
127-->[com.google.firebase:firebase-auth:20.0.4] AndroidManifest.xml:27:9-44:20
128            android:name="com.google.firebase.auth.internal.GenericIdpActivity"
128-->[com.google.firebase:firebase-auth:20.0.4] AndroidManifest.xml:28:13-80
129            android:excludeFromRecents="true"
129-->[com.google.firebase:firebase-auth:20.0.4] AndroidManifest.xml:29:13-46
130            android:exported="true"
130-->[com.google.firebase:firebase-auth:20.0.4] AndroidManifest.xml:30:13-36
131            android:launchMode="singleTask"
131-->[com.google.firebase:firebase-auth:20.0.4] AndroidManifest.xml:31:13-44
132            android:theme="@android:style/Theme.Translucent.NoTitleBar" >
132-->[com.google.firebase:firebase-auth:20.0.4] AndroidManifest.xml:32:13-72
133            <intent-filter>
133-->[com.google.firebase:firebase-auth:20.0.4] AndroidManifest.xml:33:13-43:29
134                <action android:name="android.intent.action.VIEW" />
134-->src/main/AndroidManifest.xml:51:17-69
134-->src/main/AndroidManifest.xml:51:25-66
135
136                <category android:name="android.intent.category.DEFAULT" />
136-->src/main/AndroidManifest.xml:52:17-76
136-->src/main/AndroidManifest.xml:52:27-73
137                <category android:name="android.intent.category.BROWSABLE" />
137-->src/main/AndroidManifest.xml:53:17-78
137-->src/main/AndroidManifest.xml:53:27-75
138
139                <data
139-->src/main/AndroidManifest.xml:54:17-75
140                    android:host="firebase.auth"
141                    android:path="/"
142                    android:scheme="genericidp" />
142-->src/main/AndroidManifest.xml:54:23-72
143            </intent-filter>
144        </activity>
145        <activity
145-->[com.google.firebase:firebase-auth:20.0.4] AndroidManifest.xml:45:9-62:20
146            android:name="com.google.firebase.auth.internal.RecaptchaActivity"
146-->[com.google.firebase:firebase-auth:20.0.4] AndroidManifest.xml:46:13-79
147            android:excludeFromRecents="true"
147-->[com.google.firebase:firebase-auth:20.0.4] AndroidManifest.xml:47:13-46
148            android:exported="true"
148-->[com.google.firebase:firebase-auth:20.0.4] AndroidManifest.xml:48:13-36
149            android:launchMode="singleTask"
149-->[com.google.firebase:firebase-auth:20.0.4] AndroidManifest.xml:49:13-44
150            android:theme="@android:style/Theme.Translucent.NoTitleBar" >
150-->[com.google.firebase:firebase-auth:20.0.4] AndroidManifest.xml:50:13-72
151            <intent-filter>
151-->[com.google.firebase:firebase-auth:20.0.4] AndroidManifest.xml:51:13-61:29
152                <action android:name="android.intent.action.VIEW" />
152-->src/main/AndroidManifest.xml:51:17-69
152-->src/main/AndroidManifest.xml:51:25-66
153
154                <category android:name="android.intent.category.DEFAULT" />
154-->src/main/AndroidManifest.xml:52:17-76
154-->src/main/AndroidManifest.xml:52:27-73
155                <category android:name="android.intent.category.BROWSABLE" />
155-->src/main/AndroidManifest.xml:53:17-78
155-->src/main/AndroidManifest.xml:53:27-75
156
157                <data
157-->src/main/AndroidManifest.xml:54:17-75
158                    android:host="firebase.auth"
159                    android:path="/"
160                    android:scheme="recaptcha" />
160-->src/main/AndroidManifest.xml:54:23-72
161            </intent-filter>
162        </activity>
163
164        <service
164-->[com.google.firebase:firebase-auth:20.0.4] AndroidManifest.xml:64:9-73:19
165            android:name="com.google.firebase.auth.api.fallback.service.FirebaseAuthFallbackService"
165-->[com.google.firebase:firebase-auth:20.0.4] AndroidManifest.xml:65:13-101
166            android:enabled="true"
166-->[com.google.firebase:firebase-auth:20.0.4] AndroidManifest.xml:66:13-35
167            android:exported="false" >
167-->[com.google.firebase:firebase-auth:20.0.4] AndroidManifest.xml:67:13-37
168            <intent-filter>
168-->[com.google.firebase:firebase-auth:20.0.4] AndroidManifest.xml:68:13-72:29
169                <action android:name="com.google.firebase.auth.api.gms.service.START" />
169-->[com.google.firebase:firebase-auth:20.0.4] AndroidManifest.xml:69:17-89
169-->[com.google.firebase:firebase-auth:20.0.4] AndroidManifest.xml:69:25-86
170
171                <category android:name="android.intent.category.DEFAULT" />
171-->src/main/AndroidManifest.xml:52:17-76
171-->src/main/AndroidManifest.xml:52:27-73
172            </intent-filter>
173        </service>
174
175        <provider
175-->[com.google.firebase:firebase-common:19.5.0] AndroidManifest.xml:26:9-31:39
176            android:name="com.google.firebase.provider.FirebaseInitProvider"
176-->[com.google.firebase:firebase-common:19.5.0] AndroidManifest.xml:27:13-77
177            android:authorities="com.example.time_tracker_flutter_course.firebaseinitprovider"
177-->[com.google.firebase:firebase-common:19.5.0] AndroidManifest.xml:28:13-72
178            android:directBootAware="true"
178-->[com.google.firebase:firebase-common:19.5.0] AndroidManifest.xml:29:13-43
179            android:exported="false"
179-->[com.google.firebase:firebase-common:19.5.0] AndroidManifest.xml:30:13-37
180            android:initOrder="100" />
180-->[com.google.firebase:firebase-common:19.5.0] AndroidManifest.xml:31:13-36
181
182        <activity
182-->[com.google.android.gms:play-services-auth:16.0.1] AndroidManifest.xml:23:9-27:75
183            android:name="com.google.android.gms.auth.api.signin.internal.SignInHubActivity"
183-->[com.google.android.gms:play-services-auth:16.0.1] AndroidManifest.xml:24:13-93
184            android:excludeFromRecents="true"
184-->[com.google.android.gms:play-services-auth:16.0.1] AndroidManifest.xml:25:13-46
185            android:exported="false"
185-->[com.google.android.gms:play-services-auth:16.0.1] AndroidManifest.xml:26:13-37
186            android:theme="@android:style/Theme.Translucent.NoTitleBar" />
186-->[com.google.android.gms:play-services-auth:16.0.1] AndroidManifest.xml:27:13-72
187        <!--
188            Service handling Google Sign-In user revocation. For apps that do not integrate with
189            Google Sign-In, this service will never be started.
190        -->
191        <service
191-->[com.google.android.gms:play-services-auth:16.0.1] AndroidManifest.xml:33:9-36:110
192            android:name="com.google.android.gms.auth.api.signin.RevocationBoundService"
192-->[com.google.android.gms:play-services-auth:16.0.1] AndroidManifest.xml:34:13-89
193            android:exported="true"
193-->[com.google.android.gms:play-services-auth:16.0.1] AndroidManifest.xml:35:13-36
194            android:permission="com.google.android.gms.auth.api.signin.permission.REVOCATION_NOTIFICATION" />
194-->[com.google.android.gms:play-services-auth:16.0.1] AndroidManifest.xml:36:13-107
195
196        <activity
196-->[com.google.android.gms:play-services-base:17.1.0] AndroidManifest.xml:23:9-26:75
197            android:name="com.google.android.gms.common.api.GoogleApiActivity"
197-->[com.google.android.gms:play-services-base:17.1.0] AndroidManifest.xml:24:13-79
198            android:exported="false"
198-->[com.google.android.gms:play-services-base:17.1.0] AndroidManifest.xml:25:13-37
199            android:theme="@android:style/Theme.Translucent.NoTitleBar" />
199-->[com.google.android.gms:play-services-base:17.1.0] AndroidManifest.xml:26:13-72
200        <activity android:name="com.facebook.CustomTabMainActivity" />
200-->[com.facebook.android:facebook-common:8.1.0] AndroidManifest.xml:34:9-71
200-->[com.facebook.android:facebook-common:8.1.0] AndroidManifest.xml:34:19-68
201
202        <receiver
202-->[com.google.android.gms:play-services-measurement:18.0.3] AndroidManifest.xml:29:9-33:20
203            android:name="com.google.android.gms.measurement.AppMeasurementReceiver"
203-->[com.google.android.gms:play-services-measurement:18.0.3] AndroidManifest.xml:30:13-85
204            android:enabled="true"
204-->[com.google.android.gms:play-services-measurement:18.0.3] AndroidManifest.xml:31:13-35
205            android:exported="false" >
205-->[com.google.android.gms:play-services-measurement:18.0.3] AndroidManifest.xml:32:13-37
206        </receiver>
207
208        <service
208-->[com.google.android.gms:play-services-measurement:18.0.3] AndroidManifest.xml:35:9-38:40
209            android:name="com.google.android.gms.measurement.AppMeasurementService"
209-->[com.google.android.gms:play-services-measurement:18.0.3] AndroidManifest.xml:36:13-84
210            android:enabled="true"
210-->[com.google.android.gms:play-services-measurement:18.0.3] AndroidManifest.xml:37:13-35
211            android:exported="false" />
211-->[com.google.android.gms:play-services-measurement:18.0.3] AndroidManifest.xml:38:13-37
212        <service
212-->[com.google.android.gms:play-services-measurement:18.0.3] AndroidManifest.xml:39:9-43:72
213            android:name="com.google.android.gms.measurement.AppMeasurementJobService"
213-->[com.google.android.gms:play-services-measurement:18.0.3] AndroidManifest.xml:40:13-87
214            android:enabled="true"
214-->[com.google.android.gms:play-services-measurement:18.0.3] AndroidManifest.xml:41:13-35
215            android:exported="false"
215-->[com.google.android.gms:play-services-measurement:18.0.3] AndroidManifest.xml:42:13-37
216            android:permission="android.permission.BIND_JOB_SERVICE" />
216-->[com.google.android.gms:play-services-measurement:18.0.3] AndroidManifest.xml:43:13-69
217
218        <meta-data
218-->[com.google.android.gms:play-services-basement:17.1.0] AndroidManifest.xml:23:9-25:69
219            android:name="com.google.android.gms.version"
219-->[com.google.android.gms:play-services-basement:17.1.0] AndroidManifest.xml:24:13-58
220            android:value="@integer/google_play_services_version" />
220-->[com.google.android.gms:play-services-basement:17.1.0] AndroidManifest.xml:25:13-66
221        <!--
222         The initialization ContentProvider will call FacebookSdk.sdkInitialize automatically
223         with the application context. This config is merged in with the host app's manifest,
224         but there can only be one provider with the same authority activated at any given
225         point; so if the end user has two or more different apps that use Facebook SDK, only the
226         first one will be able to use the provider. To work around this problem, we use the
227         following placeholder in the authority to identify each host application as if it was
228         a completely different provider.
229        -->
230        <provider
230-->[com.facebook.android:facebook-core:8.1.0] AndroidManifest.xml:39:9-42:40
231            android:name="com.facebook.internal.FacebookInitProvider"
231-->[com.facebook.android:facebook-core:8.1.0] AndroidManifest.xml:40:13-70
232            android:authorities="com.example.time_tracker_flutter_course.FacebookInitProvider"
232-->[com.facebook.android:facebook-core:8.1.0] AndroidManifest.xml:41:13-72
233            android:exported="false" />
233-->[com.facebook.android:facebook-core:8.1.0] AndroidManifest.xml:42:13-37
234
235        <receiver
235-->[com.facebook.android:facebook-core:8.1.0] AndroidManifest.xml:44:9-50:20
236            android:name="com.facebook.CurrentAccessTokenExpirationBroadcastReceiver"
236-->[com.facebook.android:facebook-core:8.1.0] AndroidManifest.xml:45:13-86
237            android:exported="false" >
237-->[com.facebook.android:facebook-core:8.1.0] AndroidManifest.xml:46:13-37
238            <intent-filter>
238-->[com.facebook.android:facebook-core:8.1.0] AndroidManifest.xml:47:13-49:29
239                <action android:name="com.facebook.sdk.ACTION_CURRENT_ACCESS_TOKEN_CHANGED" />
239-->[com.facebook.android:facebook-core:8.1.0] AndroidManifest.xml:48:17-95
239-->[com.facebook.android:facebook-core:8.1.0] AndroidManifest.xml:48:25-92
240            </intent-filter>
241        </receiver>
242    </application>
243
244</manifest>